{"/Users/sangjun/Documents/jun-eats-backend/src/app.module.ts": {"path":"/Users/sangjun/Documents/jun-eats-backend/src/app.module.ts","statementMap":{"0":{"start":{"line":1,"column":0},"end":{"line":1,"column":null}},"1":{"start":{"line":7,"column":0},"end":{"line":7,"column":48}},"2":{"start":{"line":8,"column":0},"end":{"line":8,"column":48}},"3":{"start":{"line":9,"column":0},"end":{"line":9,"column":46}},"4":{"start":{"line":10,"column":0},"end":{"line":10,"column":27}},"5":{"start":{"line":11,"column":0},"end":{"line":11,"column":51}},"6":{"start":{"line":12,"column":0},"end":{"line":12,"column":52}},"7":{"start":{"line":13,"column":0},"end":{"line":13,"column":45}},"8":{"start":{"line":14,"column":0},"end":{"line":14,"column":53}},"9":{"start":{"line":15,"column":0},"end":{"line":15,"column":68}},"10":{"start":{"line":16,"column":0},"end":{"line":16,"column":48}},"11":{"start":{"line":65,"column":0},"end":{"line":72,"column":null}},"12":{"start":{"line":67,"column":4},"end":{"line":70,"column":7}},"13":{"start":{"line":65,"column":13},"end":{"line":72,"column":null}},"14":{"start":{"line":22,"column":29},"end":{"line":22,"column":50}},"15":{"start":{"line":65,"column":13},"end":{"line":65,"column":22}}},"fnMap":{"0":{"name":"(anonymous_1)","decl":{"start":{"line":66,"column":2},"end":{"line":66,"column":11}},"loc":{"start":{"line":66,"column":40},"end":{"line":71,"column":3}}},"1":{"name":"(anonymous_2)","decl":{"start":{"line":22,"column":15},"end":{"line":22,"column":16}},"loc":{"start":{"line":22,"column":29},"end":{"line":22,"column":50}}}},"branchMap":{"0":{"loc":{"start":{"line":26,"column":52},"end":{"line":26,"column":62}},"type":"cond-expr","locations":[{"start":{"line":26,"column":52},"end":{"line":26,"column":62}},{"start":{"line":26,"column":65},"end":{"line":26,"column":76}}]}},"s":{"0":0,"1":0,"2":0,"3":0,"4":0,"5":0,"6":0,"7":0,"8":0,"9":0,"10":0,"11":0,"12":0,"13":0,"14":0,"15":0},"f":{"0":0,"1":0},"b":{"0":[0,0]}}
,"/Users/sangjun/Documents/jun-eats-backend/src/main.ts": {"path":"/Users/sangjun/Documents/jun-eats-backend/src/main.ts","statementMap":{"0":{"start":{"line":1,"column":0},"end":{"line":1,"column":48}},"1":{"start":{"line":2,"column":0},"end":{"line":2,"column":43}},"2":{"start":{"line":3,"column":0},"end":{"line":3,"column":41}},"3":{"start":{"line":6,"column":14},"end":{"line":6,"column":49}},"4":{"start":{"line":7,"column":2},"end":{"line":7,"column":43}},"5":{"start":{"line":8,"column":2},"end":{"line":8,"column":25}},"6":{"start":{"line":10,"column":0},"end":{"line":10,"column":12}}},"fnMap":{"0":{"name":"bootstrap","decl":{"start":{"line":5,"column":15},"end":{"line":5,"column":24}},"loc":{"start":{"line":5,"column":24},"end":{"line":9,"column":1}}}},"branchMap":{},"s":{"0":0,"1":0,"2":0,"3":0,"4":0,"5":0,"6":0},"f":{"0":0},"b":{}}
,"/Users/sangjun/Documents/jun-eats-backend/src/auth/auth-user.decorator.ts": {"path":"/Users/sangjun/Documents/jun-eats-backend/src/auth/auth-user.decorator.ts","statementMap":{"0":{"start":{"line":1,"column":0},"end":{"line":1,"column":72}},"1":{"start":{"line":2,"column":0},"end":{"line":2,"column":54}},"2":{"start":{"line":4,"column":13},"end":{"line":10,"column":2}},"3":{"start":{"line":6,"column":23},"end":{"line":6,"column":71}},"4":{"start":{"line":7,"column":17},"end":{"line":7,"column":35}},"5":{"start":{"line":8,"column":4},"end":{"line":8,"column":16}}},"fnMap":{"0":{"name":"(anonymous_0)","decl":{"start":{"line":5,"column":2},"end":{"line":5,"column":3}},"loc":{"start":{"line":5,"column":47},"end":{"line":9,"column":3}}}},"branchMap":{},"s":{"0":0,"1":0,"2":0,"3":0,"4":0,"5":0},"f":{"0":0},"b":{}}
,"/Users/sangjun/Documents/jun-eats-backend/src/auth/auth.guard.ts": {"path":"/Users/sangjun/Documents/jun-eats-backend/src/auth/auth.guard.ts","statementMap":{"0":{"start":{"line":1,"column":0},"end":{"line":1,"column":75}},"1":{"start":{"line":2,"column":0},"end":{"line":2,"column":54}},"2":{"start":{"line":5,"column":0},"end":{"line":14,"column":null}},"3":{"start":{"line":7,"column":23},"end":{"line":7,"column":71}},"4":{"start":{"line":8,"column":17},"end":{"line":8,"column":35}},"5":{"start":{"line":9,"column":4},"end":{"line":11,"column":null}},"6":{"start":{"line":10,"column":6},"end":{"line":10,"column":19}},"7":{"start":{"line":12,"column":4},"end":{"line":12,"column":16}},"8":{"start":{"line":5,"column":13},"end":{"line":14,"column":null}},"9":{"start":{"line":5,"column":13},"end":{"line":5,"column":22}}},"fnMap":{"0":{"name":"(anonymous_1)","decl":{"start":{"line":6,"column":2},"end":{"line":6,"column":13}},"loc":{"start":{"line":6,"column":39},"end":{"line":13,"column":3}}}},"branchMap":{"0":{"loc":{"start":{"line":9,"column":4},"end":{"line":11,"column":null}},"type":"if","locations":[{"start":{"line":9,"column":4},"end":{"line":11,"column":null}},{"start":{"line":9,"column":4},"end":{"line":11,"column":null}}]}},"s":{"0":0,"1":0,"2":0,"3":0,"4":0,"5":0,"6":0,"7":0,"8":0,"9":0},"f":{"0":0},"b":{"0":[0,0]}}
,"/Users/sangjun/Documents/jun-eats-backend/src/auth/auth.module.ts": {"path":"/Users/sangjun/Documents/jun-eats-backend/src/auth/auth.module.ts","statementMap":{"0":{"start":{"line":1,"column":0},"end":{"line":1,"column":40}},"1":{"start":{"line":4,"column":0},"end":{"line":4,"column":null}},"2":{"start":{"line":4,"column":13},"end":{"line":4,"column":null}},"3":{"start":{"line":4,"column":13},"end":{"line":4,"column":23}}},"fnMap":{},"branchMap":{},"s":{"0":0,"1":0,"2":0,"3":0},"f":{},"b":{}}
,"/Users/sangjun/Documents/jun-eats-backend/src/common/common.constant.ts": {"path":"/Users/sangjun/Documents/jun-eats-backend/src/common/common.constant.ts","statementMap":{"0":{"start":{"line":1,"column":13},"end":{"line":1,"column":47}}},"fnMap":{},"branchMap":{},"s":{"0":1},"f":{},"b":{}}
,"/Users/sangjun/Documents/jun-eats-backend/src/common/common.module.ts": {"path":"/Users/sangjun/Documents/jun-eats-backend/src/common/common.module.ts","statementMap":{"0":{"start":{"line":1,"column":0},"end":{"line":1,"column":40}},"1":{"start":{"line":4,"column":0},"end":{"line":4,"column":null}},"2":{"start":{"line":4,"column":13},"end":{"line":4,"column":null}},"3":{"start":{"line":4,"column":13},"end":{"line":4,"column":25}}},"fnMap":{},"branchMap":{},"s":{"0":0,"1":0,"2":0,"3":0},"f":{},"b":{}}
,"/Users/sangjun/Documents/jun-eats-backend/src/common/dtos/output.dto.ts": {"path":"/Users/sangjun/Documents/jun-eats-backend/src/common/dtos/output.dto.ts","statementMap":{"0":{"start":{"line":2,"column":0},"end":{"line":2,"column":52}},"1":{"start":{"line":5,"column":0},"end":{"line":11,"column":null}},"2":{"start":{"line":7,"column":2},"end":{"line":7,"column":null}},"3":{"start":{"line":6,"column":19},"end":{"line":6,"column":25}},"4":{"start":{"line":10,"column":2},"end":{"line":10,"column":null}},"5":{"start":{"line":9,"column":19},"end":{"line":9,"column":26}},"6":{"start":{"line":5,"column":13},"end":{"line":11,"column":null}},"7":{"start":{"line":5,"column":13},"end":{"line":5,"column":23}}},"fnMap":{"0":{"name":"(anonymous_2)","decl":{"start":{"line":6,"column":9},"end":{"line":6,"column":10}},"loc":{"start":{"line":6,"column":19},"end":{"line":6,"column":25}}},"1":{"name":"(anonymous_3)","decl":{"start":{"line":9,"column":9},"end":{"line":9,"column":10}},"loc":{"start":{"line":9,"column":19},"end":{"line":9,"column":26}}}},"branchMap":{},"s":{"0":0,"1":0,"2":0,"3":0,"4":0,"5":0,"6":0,"7":0},"f":{"0":0,"1":0},"b":{}}
,"/Users/sangjun/Documents/jun-eats-backend/src/jwt/jwt.middleware.ts": {"path":"/Users/sangjun/Documents/jun-eats-backend/src/jwt/jwt.middleware.ts","statementMap":{"0":{"start":{"line":1,"column":0},"end":{"line":1,"column":60}},"1":{"start":{"line":3,"column":0},"end":{"line":3,"column":55}},"2":{"start":{"line":4,"column":0},"end":{"line":4,"column":43}},"3":{"start":{"line":7,"column":0},"end":{"line":25,"column":null}},"4":{"start":{"line":9,"column":21},"end":{"line":9,"column":33}},"5":{"start":{"line":10,"column":21},"end":{"line":10,"column":34}},"6":{"start":{"line":13,"column":4},"end":{"line":22,"column":null}},"7":{"start":{"line":14,"column":20},"end":{"line":14,"column":40}},"8":{"start":{"line":15,"column":6},"end":{"line":21,"column":24}},"9":{"start":{"line":16,"column":24},"end":{"line":16,"column":64}},"10":{"start":{"line":17,"column":8},"end":{"line":20,"column":null}},"11":{"start":{"line":18,"column":23},"end":{"line":18,"column":69}},"12":{"start":{"line":19,"column":10},"end":{"line":19,"column":29}},"13":{"start":{"line":23,"column":4},"end":{"line":23,"column":11}},"14":{"start":{"line":7,"column":13},"end":{"line":25,"column":null}},"15":{"start":{"line":7,"column":13},"end":{"line":7,"column":26}}},"fnMap":{"0":{"name":"(anonymous_2)","decl":{"start":{"line":8,"column":2},"end":{"line":8,"column":null}},"loc":{"start":{"line":10,"column":46},"end":{"line":11,"column":6}}},"1":{"name":"(anonymous_3)","decl":{"start":{"line":12,"column":2},"end":{"line":12,"column":7}},"loc":{"start":{"line":12,"column":59},"end":{"line":24,"column":3}}}},"branchMap":{"0":{"loc":{"start":{"line":13,"column":4},"end":{"line":22,"column":null}},"type":"if","locations":[{"start":{"line":13,"column":4},"end":{"line":22,"column":null}},{"start":{"line":13,"column":4},"end":{"line":22,"column":null}}]},"1":{"loc":{"start":{"line":17,"column":8},"end":{"line":20,"column":null}},"type":"if","locations":[{"start":{"line":17,"column":8},"end":{"line":20,"column":null}},{"start":{"line":17,"column":8},"end":{"line":20,"column":null}}]},"2":{"loc":{"start":{"line":17,"column":12},"end":{"line":17,"column":39}},"type":"binary-expr","locations":[{"start":{"line":17,"column":12},"end":{"line":17,"column":39}},{"start":{"line":17,"column":43},"end":{"line":17,"column":71}}]}},"s":{"0":0,"1":0,"2":0,"3":0,"4":0,"5":0,"6":0,"7":0,"8":0,"9":0,"10":0,"11":0,"12":0,"13":0,"14":0,"15":0},"f":{"0":0,"1":0},"b":{"0":[0,0],"1":[0,0],"2":[0,0]}}
,"/Users/sangjun/Documents/jun-eats-backend/src/jwt/jwt.module.ts": {"path":"/Users/sangjun/Documents/jun-eats-backend/src/jwt/jwt.module.ts","statementMap":{"0":{"start":{"line":1,"column":0},"end":{"line":1,"column":63}},"1":{"start":{"line":2,"column":0},"end":{"line":2,"column":59}},"2":{"start":{"line":4,"column":0},"end":{"line":4,"column":43}},"3":{"start":{"line":8,"column":22},"end":{"line":22,"column":null}},"4":{"start":{"line":10,"column":4},"end":{"line":20,"column":6}},"5":{"start":{"line":8,"column":13},"end":{"line":22,"column":null}},"6":{"start":{"line":8,"column":13},"end":{"line":8,"column":22}}},"fnMap":{"0":{"name":"(anonymous_1)","decl":{"start":{"line":9,"column":2},"end":{"line":9,"column":8}},"loc":{"start":{"line":9,"column":42},"end":{"line":21,"column":3}}}},"branchMap":{},"s":{"0":0,"1":0,"2":0,"3":0,"4":0,"5":0,"6":0},"f":{"0":0},"b":{}}
,"/Users/sangjun/Documents/jun-eats-backend/src/jwt/jwt.service.ts": {"path":"/Users/sangjun/Documents/jun-eats-backend/src/jwt/jwt.service.ts","statementMap":{"0":{"start":{"line":1,"column":0},"end":{"line":1,"column":52}},"1":{"start":{"line":3,"column":0},"end":{"line":3,"column":59}},"2":{"start":{"line":4,"column":0},"end":{"line":4,"column":36}},"3":{"start":{"line":7,"column":0},"end":{"line":18,"column":null}},"4":{"start":{"line":9,"column":45},"end":{"line":9,"column":70}},"5":{"start":{"line":13,"column":4},"end":{"line":13,"column":61}},"6":{"start":{"line":16,"column":4},"end":{"line":16,"column":54}},"7":{"start":{"line":7,"column":13},"end":{"line":18,"column":null}},"8":{"start":{"line":7,"column":13},"end":{"line":7,"column":23}}},"fnMap":{"0":{"name":"(anonymous_4)","decl":{"start":{"line":8,"column":2},"end":{"line":8,"column":null}},"loc":{"start":{"line":9,"column":70},"end":{"line":10,"column":6}}},"1":{"name":"(anonymous_5)","decl":{"start":{"line":12,"column":2},"end":{"line":12,"column":6}},"loc":{"start":{"line":12,"column":21},"end":{"line":14,"column":3}}},"2":{"name":"(anonymous_6)","decl":{"start":{"line":15,"column":2},"end":{"line":15,"column":8}},"loc":{"start":{"line":15,"column":22},"end":{"line":17,"column":3}}}},"branchMap":{},"s":{"0":1,"1":1,"2":1,"3":1,"4":0,"5":0,"6":0,"7":1,"8":1},"f":{"0":0,"1":0,"2":0},"b":{}}
,"/Users/sangjun/Documents/jun-eats-backend/src/mail/mail.module.ts": {"path":"/Users/sangjun/Documents/jun-eats-backend/src/mail/mail.module.ts","statementMap":{"0":{"start":{"line":1,"column":0},"end":{"line":1,"column":63}},"1":{"start":{"line":2,"column":0},"end":{"line":2,"column":60}},"2":{"start":{"line":4,"column":0},"end":{"line":4,"column":45}},"3":{"start":{"line":8,"column":23},"end":{"line":22,"column":null}},"4":{"start":{"line":10,"column":4},"end":{"line":20,"column":6}},"5":{"start":{"line":8,"column":13},"end":{"line":22,"column":null}},"6":{"start":{"line":8,"column":13},"end":{"line":8,"column":23}}},"fnMap":{"0":{"name":"(anonymous_1)","decl":{"start":{"line":9,"column":2},"end":{"line":9,"column":8}},"loc":{"start":{"line":9,"column":43},"end":{"line":21,"column":3}}}},"branchMap":{},"s":{"0":0,"1":0,"2":0,"3":0,"4":0,"5":0,"6":0},"f":{"0":0},"b":{}}
,"/Users/sangjun/Documents/jun-eats-backend/src/mail/mail.service.ts": {"path":"/Users/sangjun/Documents/jun-eats-backend/src/mail/mail.service.ts","statementMap":{"0":{"start":{"line":1,"column":0},"end":{"line":1,"column":52}},"1":{"start":{"line":2,"column":0},"end":{"line":2,"column":59}},"2":{"start":{"line":4,"column":0},"end":{"line":4,"column":22}},"3":{"start":{"line":5,"column":0},"end":{"line":5,"column":38}},"4":{"start":{"line":8,"column":0},"end":{"line":53,"column":null}},"5":{"start":{"line":10,"column":45},"end":{"line":10,"column":71}},"6":{"start":{"line":19,"column":17},"end":{"line":19,"column":31}},"7":{"start":{"line":20,"column":4},"end":{"line":23,"column":6}},"8":{"start":{"line":24,"column":4},"end":{"line":24,"column":46}},"9":{"start":{"line":25,"column":4},"end":{"line":25,"column":36}},"10":{"start":{"line":26,"column":4},"end":{"line":29,"column":6}},"11":{"start":{"line":30,"column":4},"end":{"line":42,"column":null}},"12":{"start":{"line":31,"column":6},"end":{"line":39,"column":9}},"13":{"start":{"line":41,"column":6},"end":{"line":41,"column":25}},"14":{"start":{"line":46,"column":4},"end":{"line":51,"column":6}},"15":{"start":{"line":8,"column":13},"end":{"line":53,"column":null}},"16":{"start":{"line":8,"column":13},"end":{"line":8,"column":24}}},"fnMap":{"0":{"name":"(anonymous_4)","decl":{"start":{"line":9,"column":2},"end":{"line":9,"column":null}},"loc":{"start":{"line":10,"column":71},"end":{"line":11,"column":6}}},"1":{"name":"(anonymous_5)","decl":{"start":{"line":13,"column":10},"end":{"line":13,"column":15}},"loc":{"start":{"line":17,"column":16},"end":{"line":43,"column":3}}},"2":{"name":"(anonymous_6)","decl":{"start":{"line":45,"column":2},"end":{"line":45,"column":23}},"loc":{"start":{"line":45,"column":51},"end":{"line":52,"column":3}}}},"branchMap":{},"s":{"0":1,"1":1,"2":1,"3":1,"4":1,"5":0,"6":0,"7":0,"8":0,"9":0,"10":0,"11":0,"12":0,"13":0,"14":0,"15":1,"16":1},"f":{"0":0,"1":0,"2":0},"b":{}}
,"/Users/sangjun/Documents/jun-eats-backend/src/resturants/resturants.module.ts": {"path":"/Users/sangjun/Documents/jun-eats-backend/src/resturants/resturants.module.ts","statementMap":{"0":{"start":{"line":1,"column":0},"end":{"line":1,"column":40}},"1":{"start":{"line":2,"column":0},"end":{"line":2,"column":48}},"2":{"start":{"line":3,"column":0},"end":{"line":3,"column":56}},"3":{"start":{"line":4,"column":0},"end":{"line":4,"column":59}},"4":{"start":{"line":5,"column":0},"end":{"line":5,"column":56}},"5":{"start":{"line":11,"column":0},"end":{"line":11,"column":null}},"6":{"start":{"line":11,"column":13},"end":{"line":11,"column":null}},"7":{"start":{"line":11,"column":13},"end":{"line":11,"column":29}}},"fnMap":{},"branchMap":{},"s":{"0":0,"1":0,"2":0,"3":0,"4":0,"5":0,"6":0,"7":0},"f":{},"b":{}}
,"/Users/sangjun/Documents/jun-eats-backend/src/resturants/resturants.resolver.ts": {"path":"/Users/sangjun/Documents/jun-eats-backend/src/resturants/resturants.resolver.ts","statementMap":{"0":{"start":{"line":2,"column":0},"end":{"line":2,"column":66}},"1":{"start":{"line":3,"column":0},"end":{"line":3,"column":65}},"2":{"start":{"line":4,"column":0},"end":{"line":4,"column":65}},"3":{"start":{"line":5,"column":0},"end":{"line":5,"column":56}},"4":{"start":{"line":6,"column":0},"end":{"line":6,"column":56}},"5":{"start":{"line":9,"column":0},"end":{"line":40,"column":null}},"6":{"start":{"line":10,"column":31},"end":{"line":10,"column":49}},"7":{"start":{"line":13,"column":4},"end":{"line":13,"column":42}},"8":{"start":{"line":19,"column":4},"end":{"line":19,"column":36}},"9":{"start":{"line":20,"column":4},"end":{"line":26,"column":null}},"10":{"start":{"line":21,"column":6},"end":{"line":21,"column":70}},"11":{"start":{"line":22,"column":6},"end":{"line":22,"column":18}},"12":{"start":{"line":24,"column":6},"end":{"line":24,"column":25}},"13":{"start":{"line":25,"column":6},"end":{"line":25,"column":19}},"14":{"start":{"line":32,"column":4},"end":{"line":38,"column":null}},"15":{"start":{"line":33,"column":6},"end":{"line":33,"column":70}},"16":{"start":{"line":34,"column":6},"end":{"line":34,"column":18}},"17":{"start":{"line":36,"column":6},"end":{"line":36,"column":25}},"18":{"start":{"line":37,"column":6},"end":{"line":37,"column":19}},"19":{"start":{"line":12,"column":2},"end":{"line":14,"column":null}},"20":{"start":{"line":11,"column":15},"end":{"line":11,"column":26}},"21":{"start":{"line":16,"column":2},"end":{"line":27,"column":null}},"22":{"start":{"line":15,"column":18},"end":{"line":15,"column":25}},"23":{"start":{"line":29,"column":2},"end":{"line":39,"column":null}},"24":{"start":{"line":28,"column":25},"end":{"line":28,"column":32}},"25":{"start":{"line":9,"column":13},"end":{"line":40,"column":null}},"26":{"start":{"line":8,"column":16},"end":{"line":8,"column":25}},"27":{"start":{"line":9,"column":13},"end":{"line":9,"column":31}}},"fnMap":{"0":{"name":"(anonymous_4)","decl":{"start":{"line":10,"column":2},"end":{"line":10,"column":31}},"loc":{"start":{"line":10,"column":65},"end":{"line":10,"column":69}}},"1":{"name":"(anonymous_5)","decl":{"start":{"line":12,"column":2},"end":{"line":12,"column":12}},"loc":{"start":{"line":12,"column":12},"end":{"line":14,"column":3}}},"2":{"name":"(anonymous_6)","decl":{"start":{"line":16,"column":2},"end":{"line":16,"column":7}},"loc":{"start":{"line":17,"column":57},"end":{"line":27,"column":3}}},"3":{"name":"(anonymous_7)","decl":{"start":{"line":29,"column":2},"end":{"line":29,"column":7}},"loc":{"start":{"line":30,"column":57},"end":{"line":39,"column":3}}},"4":{"name":"(anonymous_8)","decl":{"start":{"line":11,"column":9},"end":{"line":11,"column":12}},"loc":{"start":{"line":11,"column":15},"end":{"line":11,"column":26}}},"5":{"name":"(anonymous_9)","decl":{"start":{"line":15,"column":12},"end":{"line":15,"column":15}},"loc":{"start":{"line":15,"column":18},"end":{"line":15,"column":25}}},"6":{"name":"(anonymous_10)","decl":{"start":{"line":28,"column":12},"end":{"line":28,"column":13}},"loc":{"start":{"line":28,"column":25},"end":{"line":28,"column":32}}},"7":{"name":"(anonymous_11)","decl":{"start":{"line":8,"column":10},"end":{"line":8,"column":13}},"loc":{"start":{"line":8,"column":16},"end":{"line":8,"column":25}}}},"branchMap":{},"s":{"0":0,"1":0,"2":0,"3":0,"4":0,"5":0,"6":0,"7":0,"8":0,"9":0,"10":0,"11":0,"12":0,"13":0,"14":0,"15":0,"16":0,"17":0,"18":0,"19":0,"20":0,"21":0,"22":0,"23":0,"24":0,"25":0,"26":0,"27":0},"f":{"0":0,"1":0,"2":0,"3":0,"4":0,"5":0,"6":0,"7":0},"b":{}}
,"/Users/sangjun/Documents/jun-eats-backend/src/resturants/resturants.service.ts": {"path":"/Users/sangjun/Documents/jun-eats-backend/src/resturants/resturants.service.ts","statementMap":{"0":{"start":{"line":1,"column":0},"end":{"line":1,"column":44}},"1":{"start":{"line":2,"column":0},"end":{"line":2,"column":51}},"2":{"start":{"line":3,"column":0},"end":{"line":3,"column":37}},"3":{"start":{"line":6,"column":0},"end":{"line":6,"column":56}},"4":{"start":{"line":9,"column":0},"end":{"line":24,"column":null}},"5":{"start":{"line":12,"column":21},"end":{"line":12,"column":33}},"6":{"start":{"line":15,"column":4},"end":{"line":15,"column":34}},"7":{"start":{"line":18,"column":25},"end":{"line":18,"column":67}},"8":{"start":{"line":19,"column":4},"end":{"line":19,"column":46}},"9":{"start":{"line":22,"column":4},"end":{"line":22,"column":51}},"10":{"start":{"line":9,"column":13},"end":{"line":24,"column":null}},"11":{"start":{"line":9,"column":13},"end":{"line":9,"column":29}}},"fnMap":{"0":{"name":"(anonymous_4)","decl":{"start":{"line":10,"column":2},"end":{"line":10,"column":null}},"loc":{"start":{"line":12,"column":54},"end":{"line":13,"column":6}}},"1":{"name":"(anonymous_5)","decl":{"start":{"line":14,"column":2},"end":{"line":14,"column":8}},"loc":{"start":{"line":14,"column":8},"end":{"line":16,"column":3}}},"2":{"name":"(anonymous_6)","decl":{"start":{"line":17,"column":2},"end":{"line":17,"column":17}},"loc":{"start":{"line":17,"column":56},"end":{"line":20,"column":3}}},"3":{"name":"(anonymous_7)","decl":{"start":{"line":21,"column":2},"end":{"line":21,"column":17}},"loc":{"start":{"line":21,"column":50},"end":{"line":23,"column":3}}}},"branchMap":{},"s":{"0":0,"1":0,"2":0,"3":0,"4":0,"5":0,"6":0,"7":0,"8":0,"9":0,"10":0,"11":0},"f":{"0":0,"1":0,"2":0,"3":0},"b":{}}
,"/Users/sangjun/Documents/jun-eats-backend/src/resturants/dtos/create-resturant.dto.ts": {"path":"/Users/sangjun/Documents/jun-eats-backend/src/resturants/dtos/create-resturant.dto.ts","statementMap":{"0":{"start":{"line":1,"column":0},"end":{"line":1,"column":54}},"1":{"start":{"line":2,"column":0},"end":{"line":2,"column":57}},"2":{"start":{"line":5,"column":0},"end":{"line":5,"column":null}},"3":{"start":{"line":5,"column":13},"end":{"line":5,"column":null}},"4":{"start":{"line":5,"column":13},"end":{"line":5,"column":31}}},"fnMap":{},"branchMap":{},"s":{"0":0,"1":0,"2":0,"3":0,"4":0},"f":{},"b":{}}
,"/Users/sangjun/Documents/jun-eats-backend/src/resturants/dtos/update-resturant.dto.ts": {"path":"/Users/sangjun/Documents/jun-eats-backend/src/resturants/dtos/update-resturant.dto.ts","statementMap":{"0":{"start":{"line":1,"column":0},"end":{"line":1,"column":64}},"1":{"start":{"line":2,"column":0},"end":{"line":2,"column":60}},"2":{"start":{"line":5,"column":0},"end":{"line":5,"column":null}},"3":{"start":{"line":5,"column":13},"end":{"line":5,"column":null}},"4":{"start":{"line":5,"column":13},"end":{"line":5,"column":37}},"5":{"start":{"line":8,"column":0},"end":{"line":14,"column":null}},"6":{"start":{"line":10,"column":2},"end":{"line":10,"column":null}},"7":{"start":{"line":9,"column":19},"end":{"line":9,"column":25}},"8":{"start":{"line":13,"column":2},"end":{"line":13,"column":null}},"9":{"start":{"line":12,"column":19},"end":{"line":12,"column":43}},"10":{"start":{"line":8,"column":13},"end":{"line":14,"column":null}},"11":{"start":{"line":8,"column":13},"end":{"line":8,"column":31}}},"fnMap":{"0":{"name":"(anonymous_2)","decl":{"start":{"line":9,"column":9},"end":{"line":9,"column":10}},"loc":{"start":{"line":9,"column":19},"end":{"line":9,"column":25}}},"1":{"name":"(anonymous_3)","decl":{"start":{"line":12,"column":9},"end":{"line":12,"column":10}},"loc":{"start":{"line":12,"column":19},"end":{"line":12,"column":43}}}},"branchMap":{},"s":{"0":0,"1":0,"2":0,"3":0,"4":0,"5":0,"6":0,"7":0,"8":0,"9":0,"10":0,"11":0},"f":{"0":0,"1":0},"b":{}}
,"/Users/sangjun/Documents/jun-eats-backend/src/users/users.module.ts": {"path":"/Users/sangjun/Documents/jun-eats-backend/src/users/users.module.ts","statementMap":{"0":{"start":{"line":1,"column":0},"end":{"line":1,"column":40}},"1":{"start":{"line":2,"column":0},"end":{"line":2,"column":48}},"2":{"start":{"line":3,"column":0},"end":{"line":3,"column":46}},"3":{"start":{"line":4,"column":0},"end":{"line":4,"column":62}},"4":{"start":{"line":5,"column":0},"end":{"line":5,"column":49}},"5":{"start":{"line":6,"column":0},"end":{"line":6,"column":47}},"6":{"start":{"line":13,"column":0},"end":{"line":13,"column":null}},"7":{"start":{"line":13,"column":13},"end":{"line":13,"column":null}},"8":{"start":{"line":13,"column":13},"end":{"line":13,"column":24}}},"fnMap":{},"branchMap":{},"s":{"0":0,"1":0,"2":0,"3":0,"4":0,"5":0,"6":0,"7":0,"8":0},"f":{},"b":{}}
,"/Users/sangjun/Documents/jun-eats-backend/src/users/users.resolver.ts": {"path":"/Users/sangjun/Documents/jun-eats-backend/src/users/users.resolver.ts","statementMap":{"0":{"start":{"line":3,"column":0},"end":{"line":3,"column":43}},"1":{"start":{"line":4,"column":0},"end":{"line":4,"column":66}},"2":{"start":{"line":5,"column":0},"end":{"line":5,"column":56}},"3":{"start":{"line":6,"column":0},"end":{"line":6,"column":48}},"4":{"start":{"line":7,"column":0},"end":{"line":7,"column":null}},"5":{"start":{"line":11,"column":0},"end":{"line":11,"column":78}},"6":{"start":{"line":12,"column":0},"end":{"line":12,"column":59}},"7":{"start":{"line":13,"column":0},"end":{"line":13,"column":78}},"8":{"start":{"line":14,"column":0},"end":{"line":14,"column":78}},"9":{"start":{"line":15,"column":0},"end":{"line":15,"column":46}},"10":{"start":{"line":16,"column":0},"end":{"line":16,"column":47}},"11":{"start":{"line":20,"column":0},"end":{"line":67,"column":null}},"12":{"start":{"line":21,"column":31},"end":{"line":21,"column":44}},"13":{"start":{"line":25,"column":4},"end":{"line":25,"column":16}},"14":{"start":{"line":32,"column":4},"end":{"line":32,"column":62}},"15":{"start":{"line":36,"column":4},"end":{"line":36,"column":46}},"16":{"start":{"line":41,"column":4},"end":{"line":41,"column":20}},"17":{"start":{"line":49,"column":4},"end":{"line":49,"column":62}},"18":{"start":{"line":58,"column":4},"end":{"line":58,"column":71}},"19":{"start":{"line":64,"column":26},"end":{"line":64,"column":66}},"20":{"start":{"line":65,"column":4},"end":{"line":65,"column":25}},"21":{"start":{"line":24,"column":2},"end":{"line":26,"column":null}},"22":{"start":{"line":23,"column":22},"end":{"line":23,"column":29}},"23":{"start":{"line":29,"column":2},"end":{"line":33,"column":null}},"24":{"start":{"line":28,"column":25},"end":{"line":28,"column":44}},"25":{"start":{"line":35,"column":2},"end":{"line":37,"column":null}},"26":{"start":{"line":34,"column":25},"end":{"line":34,"column":36}},"27":{"start":{"line":40,"column":2},"end":{"line":42,"column":null}},"28":{"start":{"line":38,"column":22},"end":{"line":38,"column":26}},"29":{"start":{"line":46,"column":2},"end":{"line":50,"column":null}},"30":{"start":{"line":45,"column":22},"end":{"line":45,"column":39}},"31":{"start":{"line":54,"column":2},"end":{"line":59,"column":null}},"32":{"start":{"line":53,"column":25},"end":{"line":53,"column":42}},"33":{"start":{"line":61,"column":2},"end":{"line":66,"column":null}},"34":{"start":{"line":60,"column":25},"end":{"line":60,"column":42}},"35":{"start":{"line":20,"column":13},"end":{"line":67,"column":null}},"36":{"start":{"line":19,"column":18},"end":{"line":19,"column":22}},"37":{"start":{"line":20,"column":13},"end":{"line":20,"column":26}}},"fnMap":{"0":{"name":"(anonymous_4)","decl":{"start":{"line":21,"column":2},"end":{"line":21,"column":31}},"loc":{"start":{"line":21,"column":56},"end":{"line":21,"column":60}}},"1":{"name":"(anonymous_5)","decl":{"start":{"line":24,"column":2},"end":{"line":24,"column":4}},"loc":{"start":{"line":24,"column":4},"end":{"line":26,"column":3}}},"2":{"name":"(anonymous_6)","decl":{"start":{"line":29,"column":2},"end":{"line":29,"column":7}},"loc":{"start":{"line":30,"column":57},"end":{"line":33,"column":3}}},"3":{"name":"(anonymous_7)","decl":{"start":{"line":35,"column":2},"end":{"line":35,"column":7}},"loc":{"start":{"line":35,"column":51},"end":{"line":37,"column":3}}},"4":{"name":"(anonymous_8)","decl":{"start":{"line":40,"column":2},"end":{"line":40,"column":4}},"loc":{"start":{"line":40,"column":31},"end":{"line":42,"column":3}}},"5":{"name":"(anonymous_9)","decl":{"start":{"line":46,"column":2},"end":{"line":46,"column":7}},"loc":{"start":{"line":47,"column":46},"end":{"line":50,"column":3}}},"6":{"name":"(anonymous_10)","decl":{"start":{"line":54,"column":2},"end":{"line":54,"column":7}},"loc":{"start":{"line":56,"column":53},"end":{"line":59,"column":3}}},"7":{"name":"(anonymous_11)","decl":{"start":{"line":61,"column":2},"end":{"line":61,"column":7}},"loc":{"start":{"line":62,"column":45},"end":{"line":66,"column":3}}},"8":{"name":"(anonymous_12)","decl":{"start":{"line":23,"column":9},"end":{"line":23,"column":10}},"loc":{"start":{"line":23,"column":22},"end":{"line":23,"column":29}}},"9":{"name":"(anonymous_13)","decl":{"start":{"line":28,"column":12},"end":{"line":28,"column":13}},"loc":{"start":{"line":28,"column":25},"end":{"line":28,"column":44}}},"10":{"name":"(anonymous_14)","decl":{"start":{"line":34,"column":12},"end":{"line":34,"column":13}},"loc":{"start":{"line":34,"column":25},"end":{"line":34,"column":36}}},"11":{"name":"(anonymous_15)","decl":{"start":{"line":38,"column":9},"end":{"line":38,"column":10}},"loc":{"start":{"line":38,"column":22},"end":{"line":38,"column":26}}},"12":{"name":"(anonymous_16)","decl":{"start":{"line":45,"column":9},"end":{"line":45,"column":10}},"loc":{"start":{"line":45,"column":22},"end":{"line":45,"column":39}}},"13":{"name":"(anonymous_17)","decl":{"start":{"line":53,"column":12},"end":{"line":53,"column":13}},"loc":{"start":{"line":53,"column":25},"end":{"line":53,"column":42}}},"14":{"name":"(anonymous_18)","decl":{"start":{"line":60,"column":12},"end":{"line":60,"column":13}},"loc":{"start":{"line":60,"column":25},"end":{"line":60,"column":42}}},"15":{"name":"(anonymous_19)","decl":{"start":{"line":19,"column":10},"end":{"line":19,"column":11}},"loc":{"start":{"line":19,"column":18},"end":{"line":19,"column":22}}}},"branchMap":{},"s":{"0":0,"1":0,"2":0,"3":0,"4":0,"5":0,"6":0,"7":0,"8":0,"9":0,"10":0,"11":0,"12":0,"13":0,"14":0,"15":0,"16":0,"17":0,"18":0,"19":0,"20":0,"21":0,"22":0,"23":0,"24":0,"25":0,"26":0,"27":0,"28":0,"29":0,"30":0,"31":0,"32":0,"33":0,"34":0,"35":0,"36":0,"37":0},"f":{"0":0,"1":0,"2":0,"3":0,"4":0,"5":0,"6":0,"7":0,"8":0,"9":0,"10":0,"11":0,"12":0,"13":0,"14":0,"15":0},"b":{}}
,"/Users/sangjun/Documents/jun-eats-backend/src/users/users.service.ts": {"path":"/Users/sangjun/Documents/jun-eats-backend/src/users/users.service.ts","statementMap":{"0":{"start":{"line":1,"column":0},"end":{"line":1,"column":44}},"1":{"start":{"line":2,"column":0},"end":{"line":2,"column":51}},"2":{"start":{"line":3,"column":0},"end":{"line":3,"column":37}},"3":{"start":{"line":9,"column":0},"end":{"line":9,"column":46}},"4":{"start":{"line":10,"column":0},"end":{"line":10,"column":49}},"5":{"start":{"line":12,"column":0},"end":{"line":12,"column":62}},"6":{"start":{"line":15,"column":0},"end":{"line":15,"column":52}},"7":{"start":{"line":18,"column":0},"end":{"line":150,"column":null}},"8":{"start":{"line":21,"column":21},"end":{"line":21,"column":28}},"9":{"start":{"line":23,"column":21},"end":{"line":23,"column":36}},"10":{"start":{"line":24,"column":21},"end":{"line":24,"column":33}},"11":{"start":{"line":25,"column":21},"end":{"line":25,"column":34}},"12":{"start":{"line":35,"column":4},"end":{"line":55,"column":null}},"13":{"start":{"line":37,"column":21},"end":{"line":37,"column":56}},"14":{"start":{"line":38,"column":6},"end":{"line":38,"column":26}},"15":{"start":{"line":39,"column":6},"end":{"line":42,"column":null}},"16":{"start":{"line":41,"column":8},"end":{"line":41,"column":57}},"17":{"start":{"line":43,"column":19},"end":{"line":44,"column":null}},"18":{"start":{"line":46,"column":27},"end":{"line":49,"column":null}},"19":{"start":{"line":51,"column":6},"end":{"line":51,"column":76}},"20":{"start":{"line":52,"column":6},"end":{"line":52,"column":26}},"21":{"start":{"line":54,"column":6},"end":{"line":54,"column":53}},"22":{"start":{"line":60,"column":4},"end":{"line":91,"column":null}},"23":{"start":{"line":61,"column":19},"end":{"line":63,"column":null}},"24":{"start":{"line":65,"column":6},"end":{"line":70,"column":null}},"25":{"start":{"line":66,"column":8},"end":{"line":69,"column":10}},"26":{"start":{"line":72,"column":30},"end":{"line":72,"column":64}},"27":{"start":{"line":73,"column":6},"end":{"line":78,"column":null}},"28":{"start":{"line":74,"column":8},"end":{"line":77,"column":10}},"29":{"start":{"line":80,"column":6},"end":{"line":80,"column":24}},"30":{"start":{"line":81,"column":20},"end":{"line":81,"column":49}},"31":{"start":{"line":82,"column":6},"end":{"line":85,"column":8}},"32":{"start":{"line":87,"column":6},"end":{"line":90,"column":8}},"33":{"start":{"line":94,"column":4},"end":{"line":104,"column":null}},"34":{"start":{"line":95,"column":19},"end":{"line":95,"column":51}},"35":{"start":{"line":96,"column":6},"end":{"line":101,"column":null}},"36":{"start":{"line":97,"column":8},"end":{"line":100,"column":10}},"37":{"start":{"line":103,"column":6},"end":{"line":103,"column":52}},"38":{"start":{"line":111,"column":4},"end":{"line":130,"column":null}},"39":{"start":{"line":112,"column":19},"end":{"line":112,"column":51}},"40":{"start":{"line":113,"column":6},"end":{"line":120,"column":null}},"41":{"start":{"line":114,"column":8},"end":{"line":114,"column":27}},"42":{"start":{"line":115,"column":8},"end":{"line":115,"column":30}},"43":{"start":{"line":116,"column":29},"end":{"line":117,"column":null}},"44":{"start":{"line":119,"column":8},"end":{"line":119,"column":78}},"45":{"start":{"line":121,"column":6},"end":{"line":123,"column":null}},"46":{"start":{"line":122,"column":8},"end":{"line":122,"column":33}},"47":{"start":{"line":124,"column":6},"end":{"line":124,"column":34}},"48":{"start":{"line":125,"column":6},"end":{"line":127,"column":8}},"49":{"start":{"line":129,"column":6},"end":{"line":129,"column":53}},"50":{"start":{"line":134,"column":4},"end":{"line":148,"column":null}},"51":{"start":{"line":135,"column":27},"end":{"line":137,"column":null}},"52":{"start":{"line":139,"column":6},"end":{"line":144,"column":null}},"53":{"start":{"line":140,"column":8},"end":{"line":140,"column":42}},"54":{"start":{"line":141,"column":8},"end":{"line":141,"column":49}},"55":{"start":{"line":142,"column":8},"end":{"line":142,"column":49}},"56":{"start":{"line":143,"column":8},"end":{"line":143,"column":28}},"57":{"start":{"line":145,"column":6},"end":{"line":145,"column":52}},"58":{"start":{"line":147,"column":6},"end":{"line":147,"column":34}},"59":{"start":{"line":18,"column":13},"end":{"line":150,"column":null}},"60":{"start":{"line":18,"column":13},"end":{"line":18,"column":25}}},"fnMap":{"0":{"name":"(anonymous_4)","decl":{"start":{"line":19,"column":2},"end":{"line":19,"column":null}},"loc":{"start":{"line":25,"column":45},"end":{"line":26,"column":6}}},"1":{"name":"(anonymous_5)","decl":{"start":{"line":28,"column":2},"end":{"line":28,"column":7}},"loc":{"start":{"line":32,"column":23},"end":{"line":56,"column":3}}},"2":{"name":"(anonymous_6)","decl":{"start":{"line":58,"column":2},"end":{"line":58,"column":7}},"loc":{"start":{"line":58,"column":45},"end":{"line":92,"column":3}}},"3":{"name":"(anonymous_7)","decl":{"start":{"line":93,"column":2},"end":{"line":93,"column":7}},"loc":{"start":{"line":93,"column":27},"end":{"line":105,"column":3}}},"4":{"name":"(anonymous_8)","decl":{"start":{"line":107,"column":2},"end":{"line":107,"column":7}},"loc":{"start":{"line":109,"column":41},"end":{"line":131,"column":3}}},"5":{"name":"(anonymous_9)","decl":{"start":{"line":133,"column":2},"end":{"line":133,"column":7}},"loc":{"start":{"line":133,"column":32},"end":{"line":149,"column":3}}}},"branchMap":{"0":{"loc":{"start":{"line":39,"column":6},"end":{"line":42,"column":null}},"type":"if","locations":[{"start":{"line":39,"column":6},"end":{"line":42,"column":null}},{"start":{"line":39,"column":6},"end":{"line":42,"column":null}}]},"1":{"loc":{"start":{"line":65,"column":6},"end":{"line":70,"column":null}},"type":"if","locations":[{"start":{"line":65,"column":6},"end":{"line":70,"column":null}},{"start":{"line":65,"column":6},"end":{"line":70,"column":null}}]},"2":{"loc":{"start":{"line":73,"column":6},"end":{"line":78,"column":null}},"type":"if","locations":[{"start":{"line":73,"column":6},"end":{"line":78,"column":null}},{"start":{"line":73,"column":6},"end":{"line":78,"column":null}}]},"3":{"loc":{"start":{"line":96,"column":6},"end":{"line":101,"column":null}},"type":"if","locations":[{"start":{"line":96,"column":6},"end":{"line":101,"column":null}},{"start":{"line":96,"column":6},"end":{"line":101,"column":null}}]},"4":{"loc":{"start":{"line":113,"column":6},"end":{"line":120,"column":null}},"type":"if","locations":[{"start":{"line":113,"column":6},"end":{"line":120,"column":null}},{"start":{"line":113,"column":6},"end":{"line":120,"column":null}}]},"5":{"loc":{"start":{"line":121,"column":6},"end":{"line":123,"column":null}},"type":"if","locations":[{"start":{"line":121,"column":6},"end":{"line":123,"column":null}},{"start":{"line":121,"column":6},"end":{"line":123,"column":null}}]},"6":{"loc":{"start":{"line":139,"column":6},"end":{"line":144,"column":null}},"type":"if","locations":[{"start":{"line":139,"column":6},"end":{"line":144,"column":null}},{"start":{"line":139,"column":6},"end":{"line":144,"column":null}}]}},"s":{"0":1,"1":1,"2":1,"3":1,"4":1,"5":1,"6":1,"7":1,"8":1,"9":1,"10":1,"11":1,"12":1,"13":1,"14":1,"15":1,"16":1,"17":0,"18":0,"19":0,"20":0,"21":0,"22":0,"23":0,"24":0,"25":0,"26":0,"27":0,"28":0,"29":0,"30":0,"31":0,"32":0,"33":0,"34":0,"35":0,"36":0,"37":0,"38":0,"39":0,"40":0,"41":0,"42":0,"43":0,"44":0,"45":0,"46":0,"47":0,"48":0,"49":0,"50":0,"51":0,"52":0,"53":0,"54":0,"55":0,"56":0,"57":0,"58":0,"59":1,"60":1},"f":{"0":1,"1":1,"2":0,"3":0,"4":0,"5":0},"b":{"0":[1,0],"1":[0,0],"2":[0,0],"3":[0,0],"4":[0,0],"5":[0,0],"6":[0,0]}}
,"/Users/sangjun/Documents/jun-eats-backend/src/users/dtos/create-account.dto.ts": {"path":"/Users/sangjun/Documents/jun-eats-backend/src/users/dtos/create-account.dto.ts","statementMap":{"0":{"start":{"line":2,"column":0},"end":{"line":2,"column":73}},"1":{"start":{"line":3,"column":0},"end":{"line":3,"column":56}},"2":{"start":{"line":4,"column":0},"end":{"line":4,"column":47}},"3":{"start":{"line":7,"column":0},"end":{"line":11,"column":null}},"4":{"start":{"line":7,"column":13},"end":{"line":11,"column":null}},"5":{"start":{"line":7,"column":13},"end":{"line":7,"column":31}},"6":{"start":{"line":14,"column":0},"end":{"line":14,"column":null}},"7":{"start":{"line":14,"column":13},"end":{"line":14,"column":null}},"8":{"start":{"line":14,"column":13},"end":{"line":14,"column":32}}},"fnMap":{},"branchMap":{},"s":{"0":0,"1":0,"2":0,"3":0,"4":0,"5":0,"6":0,"7":0,"8":0},"f":{},"b":{}}
,"/Users/sangjun/Documents/jun-eats-backend/src/users/dtos/edit-profile.dto.ts": {"path":"/Users/sangjun/Documents/jun-eats-backend/src/users/dtos/edit-profile.dto.ts","statementMap":{"0":{"start":{"line":1,"column":0},"end":{"line":1,"column":79}},"1":{"start":{"line":2,"column":0},"end":{"line":2,"column":56}},"2":{"start":{"line":3,"column":0},"end":{"line":3,"column":47}},"3":{"start":{"line":6,"column":0},"end":{"line":6,"column":null}},"4":{"start":{"line":6,"column":13},"end":{"line":6,"column":null}},"5":{"start":{"line":6,"column":13},"end":{"line":6,"column":30}},"6":{"start":{"line":9,"column":0},"end":{"line":11,"column":null}},"7":{"start":{"line":9,"column":13},"end":{"line":11,"column":null}},"8":{"start":{"line":9,"column":13},"end":{"line":9,"column":29}}},"fnMap":{},"branchMap":{},"s":{"0":0,"1":0,"2":0,"3":0,"4":0,"5":0,"6":0,"7":0,"8":0},"f":{},"b":{}}
,"/Users/sangjun/Documents/jun-eats-backend/src/users/dtos/login.dto.ts": {"path":"/Users/sangjun/Documents/jun-eats-backend/src/users/dtos/login.dto.ts","statementMap":{"0":{"start":{"line":2,"column":0},"end":{"line":2,"column":73}},"1":{"start":{"line":3,"column":0},"end":{"line":3,"column":56}},"2":{"start":{"line":4,"column":0},"end":{"line":4,"column":47}},"3":{"start":{"line":7,"column":0},"end":{"line":7,"column":null}},"4":{"start":{"line":7,"column":13},"end":{"line":7,"column":null}},"5":{"start":{"line":7,"column":13},"end":{"line":7,"column":23}},"6":{"start":{"line":10,"column":0},"end":{"line":13,"column":null}},"7":{"start":{"line":12,"column":2},"end":{"line":12,"column":null}},"8":{"start":{"line":11,"column":19},"end":{"line":11,"column":25}},"9":{"start":{"line":10,"column":13},"end":{"line":13,"column":null}},"10":{"start":{"line":10,"column":13},"end":{"line":10,"column":24}}},"fnMap":{"0":{"name":"(anonymous_2)","decl":{"start":{"line":11,"column":9},"end":{"line":11,"column":10}},"loc":{"start":{"line":11,"column":19},"end":{"line":11,"column":25}}}},"branchMap":{},"s":{"0":0,"1":0,"2":0,"3":0,"4":0,"5":0,"6":0,"7":0,"8":0,"9":0,"10":0},"f":{"0":0},"b":{}}
,"/Users/sangjun/Documents/jun-eats-backend/src/users/dtos/user-profile.dto.ts": {"path":"/Users/sangjun/Documents/jun-eats-backend/src/users/dtos/user-profile.dto.ts","statementMap":{"0":{"start":{"line":2,"column":0},"end":{"line":2,"column":62}},"1":{"start":{"line":3,"column":0},"end":{"line":3,"column":56}},"2":{"start":{"line":4,"column":0},"end":{"line":4,"column":47}},"3":{"start":{"line":7,"column":0},"end":{"line":10,"column":null}},"4":{"start":{"line":9,"column":2},"end":{"line":9,"column":null}},"5":{"start":{"line":8,"column":19},"end":{"line":8,"column":25}},"6":{"start":{"line":7,"column":13},"end":{"line":10,"column":null}},"7":{"start":{"line":7,"column":13},"end":{"line":7,"column":29}},"8":{"start":{"line":13,"column":0},"end":{"line":16,"column":null}},"9":{"start":{"line":15,"column":2},"end":{"line":15,"column":null}},"10":{"start":{"line":14,"column":19},"end":{"line":14,"column":23}},"11":{"start":{"line":13,"column":13},"end":{"line":16,"column":null}},"12":{"start":{"line":13,"column":13},"end":{"line":13,"column":30}}},"fnMap":{"0":{"name":"(anonymous_2)","decl":{"start":{"line":8,"column":9},"end":{"line":8,"column":10}},"loc":{"start":{"line":8,"column":19},"end":{"line":8,"column":25}}},"1":{"name":"(anonymous_3)","decl":{"start":{"line":14,"column":9},"end":{"line":14,"column":10}},"loc":{"start":{"line":14,"column":19},"end":{"line":14,"column":23}}}},"branchMap":{},"s":{"0":0,"1":0,"2":0,"3":0,"4":0,"5":0,"6":0,"7":0,"8":0,"9":0,"10":0,"11":0,"12":0},"f":{"0":0,"1":0},"b":{}}
,"/Users/sangjun/Documents/jun-eats-backend/src/users/dtos/verify-email.dto.ts": {"path":"/Users/sangjun/Documents/jun-eats-backend/src/users/dtos/verify-email.dto.ts","statementMap":{"0":{"start":{"line":1,"column":0},"end":{"line":1,"column":66}},"1":{"start":{"line":2,"column":0},"end":{"line":2,"column":56}},"2":{"start":{"line":3,"column":0},"end":{"line":3,"column":63}},"3":{"start":{"line":6,"column":0},"end":{"line":6,"column":null}},"4":{"start":{"line":6,"column":13},"end":{"line":6,"column":null}},"5":{"start":{"line":6,"column":13},"end":{"line":6,"column":30}},"6":{"start":{"line":9,"column":0},"end":{"line":9,"column":null}},"7":{"start":{"line":9,"column":13},"end":{"line":9,"column":null}},"8":{"start":{"line":9,"column":13},"end":{"line":9,"column":29}}},"fnMap":{},"branchMap":{},"s":{"0":0,"1":0,"2":0,"3":0,"4":0,"5":0,"6":0,"7":0,"8":0},"f":{},"b":{}}
}
